2020/11/29 12:07:27.796 [I] [proc.go:203]  service start success!
2020/11/29 12:34:17.687 [D] [proc.go:203]  initLogger success
2020/11/29 12:34:17.687 [E] [redis.go:38]  ping redis failed, err:dial tcp: missing address
2020/11/29 12:34:17.687 [E] [init.go:26]  init layer2proxy redis pool failed, err:dial tcp: missing address
2020/11/29 12:34:17.687 [E] [main.go:25]  initRedis failed! dial tcp: missing address
2020/11/29 12:34:17.688 [D] [init.go:31]  init etcd succ
2020/11/29 12:34:17.688 [D] [main.go:25]  init etcd succ
2020/11/29 12:34:17.688 [D] [init.go:37]  start get from etcd succ
2020/11/29 12:44:59.981 [D] [proc.go:203]  initLogger success
2020/11/29 12:44:59.995 [E] [redis.go:38]  ping redis failed, err:dial tcp: missing address
2020/11/29 12:44:59.995 [E] [init.go:26]  init layer2proxy redis pool failed, err:dial tcp: missing address
2020/11/29 12:44:59.995 [E] [main.go:25]  initRedis failed! dial tcp: missing address
2020/11/29 12:44:59.995 [D] [init.go:31]  init etcd succ
2020/11/29 12:44:59.995 [D] [main.go:25]  init etcd succ
2020/11/29 12:44:59.995 [D] [init.go:37]  start get from etcd succ
2020/12/05 14:06:29.275 [D] [proc.go:203]  initLogger success
2020/12/05 14:06:29.287 [D] [init.go:31]  init etcd succ
2020/12/05 14:06:29.287 [D] [main.go:25]  init etcd succ
2020/12/05 14:06:29.287 [D] [init.go:37]  start get from etcd succ
2020/12/05 14:30:15.237 [D] [proc.go:203]  initLogger success
2020/12/05 14:30:15.239 [D] [init.go:31]  init etcd succ
2020/12/05 14:30:15.239 [D] [main.go:25]  init etcd succ
2020/12/05 14:30:15.239 [D] [init.go:37]  start get from etcd succ
2020/12/05 14:30:15.266 [D] [init.go:37]  get from etcd succ, resp:&{cluster_id:14841639068965178418 member_id:10276657743932975437 revision:34 raft_term:6  [key:"/ganyuefeng/backend/secskill/product" create_revision:34 mod_revision:34 version:1 value:"[{\"ProductId\":1029,\"StartTime\":1505008800,\"EndTime\":1505012400,\"Status\":0,\"Total\":1000,\"Left\":1000},{\"ProductId\":1027,\"StartTime\":1505008800,\"EndTime\":1505012400,\"Status\":0,\"Total\":2000,\"Left\":1000}]" ] false 1 {} [] 0}
2020/12/05 14:30:15.266 [D] [init.go:37]  key[0] valud[key:"/ganyuefeng/backend/secskill/product" create_revision:34 mod_revision:34 version:1 value:"[{\"ProductId\":1029,\"StartTime\":1505008800,\"EndTime\":1505012400,\"Status\":0,\"Total\":1000,\"Left\":1000},{\"ProductId\":1027,\"StartTime\":1505008800,\"EndTime\":1505012400,\"Status\":0,\"Total\":2000,\"Left\":1000}]" ]
2020/12/05 14:30:15.267 [D] [init.go:37]  sec info conf is [[{1029 1505008800 1505012400 0 1000 1000 0 0 0 <nil>} {1027 1505008800 1505012400 0 2000 1000 0 0 0 <nil>}]]
2020/12/05 14:30:15.267 [D] [init.go:37]  update product info succ, data:[{1029 1505008800 1505012400 0 1000 1000 0 0 0 <nil>} {1027 1505008800 1505012400 0 2000 1000 0 0 0 <nil>}]
2020/12/05 14:30:15.267 [D] [init.go:37]  init etcd watcher succ
2020/12/05 14:30:15.267 [D] [asm_amd64.s:1357]  begin watch key:/ganyuefeng/backend/secskill/product
2020/12/05 14:30:15.275 [D] [proc.go:203]  InitSecLayer success
2020/12/05 14:30:15.275 [D] [service.go:5]  all process goroutine started
2020/12/05 14:30:15.275 [D] [asm_amd64.s:1357]  handle user running
2020/12/05 14:30:15.275 [D] [asm_amd64.s:1357]  read goroutine running
2020/12/05 14:30:15.276 [D] [asm_amd64.s:1357]  handle write running
2020/12/17 09:22:15.188 [D] [proc.go:203]  initLogger success
2020/12/17 09:22:15.201 [D] [init.go:31]  init etcd succ
2020/12/17 09:22:15.201 [D] [main.go:25]  init etcd succ
2020/12/17 09:22:15.201 [D] [init.go:37]  start get from etcd succ
2020/12/17 09:22:15.205 [D] [init.go:37]  get from etcd succ, resp:&{cluster_id:14841639068965178418 member_id:10276657743932975437 revision:36 raft_term:7  [key:"/ganyuefeng/backend/secskill/product" create_revision:34 mod_revision:36 version:3 value:"[{\"ProductId\":1029,\"StartTime\":1505008800,\"EndTime\":1505012400,\"Status\":0,\"Total\":1000,\"Left\":1000,\"OnePersonBuyLimit\":0,\"BuyRate\":0,\"SoldMaxLimit\":0},{\"ProductId\":1027,\"StartTime\":1505008800,\"EndTime\":1505012400,\"Status\":0,\"Total\":2000,\"Left\":1000,\"OnePersonBuyLimit\":0,\"BuyRate\":0,\"SoldMaxLimit\":0},{\"ProductId\":1,\"StartTime\":1608186520,\"EndTime\":1608199320,\"Status\":0,\"Total\":100,\"Left\":0,\"OnePersonBuyLimit\":3,\"BuyRate\":10,\"SoldMaxLimit\":50},{\"ProductId\":2,\"StartTime\":1608266320,\"EndTime\":1608599320,\"Status\":0,\"Total\":100,\"Left\":0,\"OnePersonBuyLimit\":3,\"BuyRate\":3,\"SoldMaxLimit\":3}]" ] false 1 {} [] 0}
2020/12/17 09:22:15.205 [D] [init.go:37]  key[0] valud[key:"/ganyuefeng/backend/secskill/product" create_revision:34 mod_revision:36 version:3 value:"[{\"ProductId\":1029,\"StartTime\":1505008800,\"EndTime\":1505012400,\"Status\":0,\"Total\":1000,\"Left\":1000,\"OnePersonBuyLimit\":0,\"BuyRate\":0,\"SoldMaxLimit\":0},{\"ProductId\":1027,\"StartTime\":1505008800,\"EndTime\":1505012400,\"Status\":0,\"Total\":2000,\"Left\":1000,\"OnePersonBuyLimit\":0,\"BuyRate\":0,\"SoldMaxLimit\":0},{\"ProductId\":1,\"StartTime\":1608186520,\"EndTime\":1608199320,\"Status\":0,\"Total\":100,\"Left\":0,\"OnePersonBuyLimit\":3,\"BuyRate\":10,\"SoldMaxLimit\":50},{\"ProductId\":2,\"StartTime\":1608266320,\"EndTime\":1608599320,\"Status\":0,\"Total\":100,\"Left\":0,\"OnePersonBuyLimit\":3,\"BuyRate\":3,\"SoldMaxLimit\":3}]" ]
2020/12/17 09:22:15.205 [D] [init.go:37]  sec info conf is [[{1029 1505008800 1505012400 0 1000 1000 0 0 0 <nil>} {1027 1505008800 1505012400 0 2000 1000 0 0 0 <nil>} {1 1608186520 1608199320 0 100 0 3 10 50 <nil>} {2 1608266320 1608599320 0 100 0 3 3 3 <nil>}]]
2020/12/17 09:22:15.205 [D] [init.go:37]  update product info succ, data:[{1029 1505008800 1505012400 0 1000 1000 0 0 0 <nil>} {1027 1505008800 1505012400 0 2000 1000 0 0 0 <nil>} {1 1608186520 1608199320 0 100 0 3 10 50 <nil>} {2 1608266320 1608599320 0 100 0 3 3 3 <nil>}]
2020/12/17 09:22:15.205 [D] [init.go:37]  init etcd watcher succ
2020/12/17 09:22:15.205 [D] [asm_amd64.s:1357]  begin watch key:/ganyuefeng/backend/secskill/product
2020/12/17 09:22:15.281 [D] [proc.go:203]  InitSecLayer success
2020/12/17 09:22:15.281 [D] [service.go:5]  all process goroutine started
2020/12/17 09:22:15.282 [D] [asm_amd64.s:1357]  handle user running
2020/12/17 09:22:15.282 [D] [asm_amd64.s:1357]  read goroutine running
2020/12/17 09:22:15.282 [D] [asm_amd64.s:1357]  handle write running
2020/12/17 09:51:31.562 [D] [asm_amd64.s:1357]  get config from etcd, PUT "/ganyuefeng/backend/secskill/product" : "[{\"ProductId\":1029,\"StartTime\":1505008800,\"EndTime\":1505012400,\"Status\":0,\"Total\":1000,\"Left\":1000,\"OnePersonBuyLimit\":0,\"BuyRate\":0,\"SoldMaxLimit\":0},{\"ProductId\":1027,\"StartTime\":1505008800,\"EndTime\":1505012400,\"Status\":0,\"Total\":2000,\"Left\":1000,\"OnePersonBuyLimit\":0,\"BuyRate\":0,\"SoldMaxLimit\":0},{\"ProductId\":1,\"StartTime\":1608186520,\"EndTime\":1608199320,\"Status\":0,\"Total\":100,\"Left\":0,\"OnePersonBuyLimit\":3,\"BuyRate\":10,\"SoldMaxLimit\":50},{\"ProductId\":2,\"StartTime\":1608266320,\"EndTime\":1608599320,\"Status\":0,\"Total\":100,\"Left\":0,\"OnePersonBuyLimit\":3,\"BuyRate\":3,\"SoldMaxLimit\":3},{\"ProductId\":3,\"StartTime\":1608169920,\"EndTime\":1609169800,\"Status\":0,\"Total\":100,\"Left\":0,\"OnePersonBuyLimit\":3,\"BuyRate\":3,\"SoldMaxLimit\":3}]"

2020/12/17 09:51:31.563 [D] [asm_amd64.s:1357]  get config from etcd succ, [{1029 1505008800 1505012400 0 1000 1000 0 0 0 <nil>} {1027 1505008800 1505012400 0 2000 1000 0 0 0 <nil>} {1 1608186520 1608199320 0 100 0 3 10 50 <nil>} {2 1608266320 1608599320 0 100 0 3 3 3 <nil>} {3 1608169920 1609169800 0 100 0 3 3 3 <nil>}]
2020/12/17 10:02:53.557 [D] [asm_amd64.s:1357]  get config from etcd, PUT "/ganyuefeng/backend/secskill/product" : "[{\"ProductId\":1029,\"StartTime\":1505008800,\"EndTime\":1505012400,\"Status\":0,\"Total\":1000,\"Left\":1000,\"OnePersonBuyLimit\":0,\"BuyRate\":0,\"SoldMaxLimit\":0},{\"ProductId\":1027,\"StartTime\":1505008800,\"EndTime\":1505012400,\"Status\":0,\"Total\":2000,\"Left\":1000,\"OnePersonBuyLimit\":0,\"BuyRate\":0,\"SoldMaxLimit\":0},{\"ProductId\":1,\"StartTime\":1608186520,\"EndTime\":1608199320,\"Status\":0,\"Total\":100,\"Left\":0,\"OnePersonBuyLimit\":3,\"BuyRate\":10,\"SoldMaxLimit\":50},{\"ProductId\":2,\"StartTime\":1608266320,\"EndTime\":1608599320,\"Status\":0,\"Total\":100,\"Left\":0,\"OnePersonBuyLimit\":3,\"BuyRate\":3,\"SoldMaxLimit\":3},{\"ProductId\":3,\"StartTime\":1608169920,\"EndTime\":1609169800,\"Status\":0,\"Total\":100,\"Left\":0,\"OnePersonBuyLimit\":3,\"BuyRate\":3,\"SoldMaxLimit\":3},{\"ProductId\":4,\"StartTime\":1608170700,\"EndTime\":1609170700,\"Status\":0,\"Total\":100,\"Left\":0,\"OnePersonBuyLimit\":3,\"BuyRate\":10,\"SoldMaxLimit\":3}]"

2020/12/17 10:02:53.557 [D] [asm_amd64.s:1357]  get config from etcd succ, [{1029 1505008800 1505012400 0 1000 1000 0 0 0 <nil>} {1027 1505008800 1505012400 0 2000 1000 0 0 0 <nil>} {1 1608186520 1608199320 0 100 0 3 10 50 <nil>} {2 1608266320 1608599320 0 100 0 3 3 3 <nil>} {3 1608169920 1609169800 0 100 0 3 3 3 <nil>} {4 1608170700 1609170700 0 100 0 3 10 3 <nil>}]
2020/12/17 14:05:21.908 [D] [asm_amd64.s:1357]  pop from queue, data:{"ProductId":3,"Source":"","AuthCode":"","SecTime":"","Nance":"","UserId":1,"UserAuthSign":"","AccessTime":"2020-12-17T14:05:21.905868792+08:00","ClientAddr":"192.168.199.237","ClientRefence":""}
2020/12/17 14:05:21.909 [D] [asm_amd64.s:1357]  begin process request:&{3     1  2020-12-17 14:05:21.905868792 +0800 CST 192.168.199.237 }
2020/12/17 14:13:48.361 [D] [proc.go:203]  initLogger success
2020/12/17 14:13:48.373 [D] [init.go:31]  init etcd succ
2020/12/17 14:13:48.373 [D] [main.go:25]  init etcd succ
2020/12/17 14:13:48.373 [D] [init.go:37]  start get from etcd succ
2020/12/17 14:13:48.389 [D] [init.go:37]  get from etcd succ, resp:&{cluster_id:14841639068965178418 member_id:10276657743932975437 revision:38 raft_term:7  [key:"/ganyuefeng/backend/secskill/product" create_revision:34 mod_revision:38 version:5 value:"[{\"ProductId\":1029,\"StartTime\":1505008800,\"EndTime\":1505012400,\"Status\":0,\"Total\":1000,\"Left\":1000,\"OnePersonBuyLimit\":0,\"BuyRate\":0,\"SoldMaxLimit\":0},{\"ProductId\":1027,\"StartTime\":1505008800,\"EndTime\":1505012400,\"Status\":0,\"Total\":2000,\"Left\":1000,\"OnePersonBuyLimit\":0,\"BuyRate\":0,\"SoldMaxLimit\":0},{\"ProductId\":1,\"StartTime\":1608186520,\"EndTime\":1608199320,\"Status\":0,\"Total\":100,\"Left\":0,\"OnePersonBuyLimit\":3,\"BuyRate\":10,\"SoldMaxLimit\":50},{\"ProductId\":2,\"StartTime\":1608266320,\"EndTime\":1608599320,\"Status\":0,\"Total\":100,\"Left\":0,\"OnePersonBuyLimit\":3,\"BuyRate\":3,\"SoldMaxLimit\":3},{\"ProductId\":3,\"StartTime\":1608169920,\"EndTime\":1609169800,\"Status\":0,\"Total\":100,\"Left\":0,\"OnePersonBuyLimit\":3,\"BuyRate\":3,\"SoldMaxLimit\":3},{\"ProductId\":4,\"StartTime\":1608170700,\"EndTime\":1609170700,\"Status\":0,\"Total\":100,\"Left\":0,\"OnePersonBuyLimit\":3,\"BuyRate\":10,\"SoldMaxLimit\":3}]" ] false 1 {} [] 0}
2020/12/17 14:13:48.389 [D] [init.go:37]  key[0] valud[key:"/ganyuefeng/backend/secskill/product" create_revision:34 mod_revision:38 version:5 value:"[{\"ProductId\":1029,\"StartTime\":1505008800,\"EndTime\":1505012400,\"Status\":0,\"Total\":1000,\"Left\":1000,\"OnePersonBuyLimit\":0,\"BuyRate\":0,\"SoldMaxLimit\":0},{\"ProductId\":1027,\"StartTime\":1505008800,\"EndTime\":1505012400,\"Status\":0,\"Total\":2000,\"Left\":1000,\"OnePersonBuyLimit\":0,\"BuyRate\":0,\"SoldMaxLimit\":0},{\"ProductId\":1,\"StartTime\":1608186520,\"EndTime\":1608199320,\"Status\":0,\"Total\":100,\"Left\":0,\"OnePersonBuyLimit\":3,\"BuyRate\":10,\"SoldMaxLimit\":50},{\"ProductId\":2,\"StartTime\":1608266320,\"EndTime\":1608599320,\"Status\":0,\"Total\":100,\"Left\":0,\"OnePersonBuyLimit\":3,\"BuyRate\":3,\"SoldMaxLimit\":3},{\"ProductId\":3,\"StartTime\":1608169920,\"EndTime\":1609169800,\"Status\":0,\"Total\":100,\"Left\":0,\"OnePersonBuyLimit\":3,\"BuyRate\":3,\"SoldMaxLimit\":3},{\"ProductId\":4,\"StartTime\":1608170700,\"EndTime\":1609170700,\"Status\":0,\"Total\":100,\"Left\":0,\"OnePersonBuyLimit\":3,\"BuyRate\":10,\"SoldMaxLimit\":3}]" ]
2020/12/17 14:13:48.389 [D] [init.go:37]  sec info conf is [[{1029 1505008800 1505012400 0 1000 1000 0 0 0 <nil>} {1027 1505008800 1505012400 0 2000 1000 0 0 0 <nil>} {1 1608186520 1608199320 0 100 0 3 10 50 <nil>} {2 1608266320 1608599320 0 100 0 3 3 3 <nil>} {3 1608169920 1609169800 0 100 0 3 3 3 <nil>} {4 1608170700 1609170700 0 100 0 3 10 3 <nil>}]]
2020/12/17 14:13:48.390 [D] [init.go:37]  update product info succ, data:[{1029 1505008800 1505012400 0 1000 1000 0 0 0 <nil>} {1027 1505008800 1505012400 0 2000 1000 0 0 0 <nil>} {1 1608186520 1608199320 0 100 0 3 10 50 <nil>} {2 1608266320 1608599320 0 100 0 3 3 3 <nil>} {3 1608169920 1609169800 0 100 0 3 3 3 <nil>} {4 1608170700 1609170700 0 100 0 3 10 3 <nil>}]
2020/12/17 14:13:48.390 [D] [init.go:37]  init etcd watcher succ
2020/12/17 14:13:48.390 [D] [asm_amd64.s:1357]  begin watch key:/ganyuefeng/backend/secskill/product
2020/12/17 14:13:48.465 [D] [proc.go:203]  InitSecLayer success
2020/12/17 14:13:48.465 [D] [service.go:5]  all process goroutine started
2020/12/17 14:13:48.465 [D] [asm_amd64.s:1357]  handle user running
2020/12/17 14:13:48.466 [D] [asm_amd64.s:1357]  read goroutine running
2020/12/17 14:13:48.466 [D] [asm_amd64.s:1357]  handle write running
2020/12/17 14:13:48.485 [D] [asm_amd64.s:1357]  pop from queue, data:{"ProductId":3,"Source":"","AuthCode":"","SecTime":"","Nance":"","UserId":1,"UserAuthSign":"","AccessTime":"2020-12-17T14:10:30.917897021+08:00","ClientAddr":"192.168.199.237","ClientRefence":""}
2020/12/17 14:13:48.485 [W] [asm_amd64.s:1357]  req[{3     1  2020-12-17 14:10:30.917897021 +0800 CST 192.168.199.237 }] is expire
2020/12/17 14:13:48.508 [D] [asm_amd64.s:1357]  pop from queue, data:{"ProductId":3,"Source":"","AuthCode":"","SecTime":"","Nance":"","UserId":1,"UserAuthSign":"","AccessTime":"2020-12-17T14:08:40.802900992+08:00","ClientAddr":"192.168.199.237","ClientRefence":""}
2020/12/17 14:13:48.509 [W] [asm_amd64.s:1357]  req[{3     1  2020-12-17 14:08:40.802900992 +0800 CST 192.168.199.237 }] is expire
2020/12/17 14:13:48.572 [D] [asm_amd64.s:1357]  pop from queue, data:1234
2020/12/17 14:13:48.572 [E] [asm_amd64.s:1357]  unmarshal to secrequest failed, err:json: cannot unmarshal number into Go value of type service.SecRequest
2020/12/17 14:16:18.915 [D] [asm_amd64.s:1357]  pop from queue, data:{"ProductId":3,"Source":"","AuthCode":"","SecTime":"","Nance":"","UserId":1,"UserAuthSign":"","AccessTime":"2020-12-17T14:16:18.912592806+08:00","ClientAddr":"192.168.199.237","ClientRefence":""}
2020/12/17 14:16:18.915 [D] [asm_amd64.s:1357]  begin process request:&{3     1  2020-12-17 14:16:18.912592806 +0800 CST 192.168.199.237 }
2020/12/17 14:25:24.888 [D] [proc.go:203]  initLogger success
2020/12/17 14:25:24.927 [D] [init.go:31]  init etcd succ
2020/12/17 14:25:24.927 [D] [main.go:25]  init etcd succ
2020/12/17 14:25:24.927 [D] [init.go:37]  start get from etcd succ
2020/12/17 14:25:24.949 [D] [init.go:37]  get from etcd succ, resp:&{cluster_id:14841639068965178418 member_id:10276657743932975437 revision:38 raft_term:7  [key:"/ganyuefeng/backend/secskill/product" create_revision:34 mod_revision:38 version:5 value:"[{\"ProductId\":1029,\"StartTime\":1505008800,\"EndTime\":1505012400,\"Status\":0,\"Total\":1000,\"Left\":1000,\"OnePersonBuyLimit\":0,\"BuyRate\":0,\"SoldMaxLimit\":0},{\"ProductId\":1027,\"StartTime\":1505008800,\"EndTime\":1505012400,\"Status\":0,\"Total\":2000,\"Left\":1000,\"OnePersonBuyLimit\":0,\"BuyRate\":0,\"SoldMaxLimit\":0},{\"ProductId\":1,\"StartTime\":1608186520,\"EndTime\":1608199320,\"Status\":0,\"Total\":100,\"Left\":0,\"OnePersonBuyLimit\":3,\"BuyRate\":10,\"SoldMaxLimit\":50},{\"ProductId\":2,\"StartTime\":1608266320,\"EndTime\":1608599320,\"Status\":0,\"Total\":100,\"Left\":0,\"OnePersonBuyLimit\":3,\"BuyRate\":3,\"SoldMaxLimit\":3},{\"ProductId\":3,\"StartTime\":1608169920,\"EndTime\":1609169800,\"Status\":0,\"Total\":100,\"Left\":0,\"OnePersonBuyLimit\":3,\"BuyRate\":3,\"SoldMaxLimit\":3},{\"ProductId\":4,\"StartTime\":1608170700,\"EndTime\":1609170700,\"Status\":0,\"Total\":100,\"Left\":0,\"OnePersonBuyLimit\":3,\"BuyRate\":10,\"SoldMaxLimit\":3}]" ] false 1 {} [] 0}
2020/12/17 14:25:24.949 [D] [init.go:37]  key[0] valud[key:"/ganyuefeng/backend/secskill/product" create_revision:34 mod_revision:38 version:5 value:"[{\"ProductId\":1029,\"StartTime\":1505008800,\"EndTime\":1505012400,\"Status\":0,\"Total\":1000,\"Left\":1000,\"OnePersonBuyLimit\":0,\"BuyRate\":0,\"SoldMaxLimit\":0},{\"ProductId\":1027,\"StartTime\":1505008800,\"EndTime\":1505012400,\"Status\":0,\"Total\":2000,\"Left\":1000,\"OnePersonBuyLimit\":0,\"BuyRate\":0,\"SoldMaxLimit\":0},{\"ProductId\":1,\"StartTime\":1608186520,\"EndTime\":1608199320,\"Status\":0,\"Total\":100,\"Left\":0,\"OnePersonBuyLimit\":3,\"BuyRate\":10,\"SoldMaxLimit\":50},{\"ProductId\":2,\"StartTime\":1608266320,\"EndTime\":1608599320,\"Status\":0,\"Total\":100,\"Left\":0,\"OnePersonBuyLimit\":3,\"BuyRate\":3,\"SoldMaxLimit\":3},{\"ProductId\":3,\"StartTime\":1608169920,\"EndTime\":1609169800,\"Status\":0,\"Total\":100,\"Left\":0,\"OnePersonBuyLimit\":3,\"BuyRate\":3,\"SoldMaxLimit\":3},{\"ProductId\":4,\"StartTime\":1608170700,\"EndTime\":1609170700,\"Status\":0,\"Total\":100,\"Left\":0,\"OnePersonBuyLimit\":3,\"BuyRate\":10,\"SoldMaxLimit\":3}]" ]
2020/12/17 14:25:24.949 [D] [init.go:37]  sec info conf is [[{1029 1505008800 1505012400 0 1000 1000 0 0 0 <nil>} {1027 1505008800 1505012400 0 2000 1000 0 0 0 <nil>} {1 1608186520 1608199320 0 100 0 3 10 50 <nil>} {2 1608266320 1608599320 0 100 0 3 3 3 <nil>} {3 1608169920 1609169800 0 100 0 3 3 3 <nil>} {4 1608170700 1609170700 0 100 0 3 10 3 <nil>}]]
2020/12/17 14:25:24.949 [D] [init.go:37]  update product info succ, data:[{1029 1505008800 1505012400 0 1000 1000 0 0 0 <nil>} {1027 1505008800 1505012400 0 2000 1000 0 0 0 <nil>} {1 1608186520 1608199320 0 100 0 3 10 50 <nil>} {2 1608266320 1608599320 0 100 0 3 3 3 <nil>} {3 1608169920 1609169800 0 100 0 3 3 3 <nil>} {4 1608170700 1609170700 0 100 0 3 10 3 <nil>}]
2020/12/17 14:25:24.949 [D] [init.go:37]  init etcd watcher succ
2020/12/17 14:25:24.949 [D] [asm_amd64.s:1357]  begin watch key:/ganyuefeng/backend/secskill/product
2020/12/17 14:25:24.960 [D] [proc.go:203]  InitSecLayer success
2020/12/17 14:25:24.960 [I] [service.go:5]  ReadGoroutineNum is  1
2020/12/17 14:25:24.960 [D] [service.go:5]  all process goroutine started
2020/12/17 14:25:24.960 [D] [asm_amd64.s:1357]  handle user running
2020/12/17 14:25:24.961 [D] [asm_amd64.s:1357]  read goroutine running
2020/12/17 14:25:24.976 [D] [asm_amd64.s:1357]  handle write running
2020/12/17 14:25:27.449 [D] [asm_amd64.s:1357]  pop from queue, data:{"ProductId":3,"Source":"","AuthCode":"","SecTime":"","Nance":"","UserId":1,"UserAuthSign":"","AccessTime":"2020-12-17T14:25:27.448296338+08:00","ClientAddr":"192.168.199.237","ClientRefence":""}
2020/12/17 14:25:27.450 [D] [asm_amd64.s:1357]  begin process request:&{3     1  2020-12-17 14:25:27.448296338 +0800 CST 192.168.199.237 }
2020/12/17 14:27:32.655 [D] [proc.go:203]  initLogger success
2020/12/17 14:27:32.667 [D] [init.go:31]  init etcd succ
2020/12/17 14:27:32.667 [D] [main.go:25]  init etcd succ
2020/12/17 14:27:32.667 [D] [init.go:37]  start get from etcd succ
2020/12/17 14:27:32.683 [D] [init.go:37]  get from etcd succ, resp:&{cluster_id:14841639068965178418 member_id:10276657743932975437 revision:38 raft_term:7  [key:"/ganyuefeng/backend/secskill/product" create_revision:34 mod_revision:38 version:5 value:"[{\"ProductId\":1029,\"StartTime\":1505008800,\"EndTime\":1505012400,\"Status\":0,\"Total\":1000,\"Left\":1000,\"OnePersonBuyLimit\":0,\"BuyRate\":0,\"SoldMaxLimit\":0},{\"ProductId\":1027,\"StartTime\":1505008800,\"EndTime\":1505012400,\"Status\":0,\"Total\":2000,\"Left\":1000,\"OnePersonBuyLimit\":0,\"BuyRate\":0,\"SoldMaxLimit\":0},{\"ProductId\":1,\"StartTime\":1608186520,\"EndTime\":1608199320,\"Status\":0,\"Total\":100,\"Left\":0,\"OnePersonBuyLimit\":3,\"BuyRate\":10,\"SoldMaxLimit\":50},{\"ProductId\":2,\"StartTime\":1608266320,\"EndTime\":1608599320,\"Status\":0,\"Total\":100,\"Left\":0,\"OnePersonBuyLimit\":3,\"BuyRate\":3,\"SoldMaxLimit\":3},{\"ProductId\":3,\"StartTime\":1608169920,\"EndTime\":1609169800,\"Status\":0,\"Total\":100,\"Left\":0,\"OnePersonBuyLimit\":3,\"BuyRate\":3,\"SoldMaxLimit\":3},{\"ProductId\":4,\"StartTime\":1608170700,\"EndTime\":1609170700,\"Status\":0,\"Total\":100,\"Left\":0,\"OnePersonBuyLimit\":3,\"BuyRate\":10,\"SoldMaxLimit\":3}]" ] false 1 {} [] 0}
2020/12/17 14:27:32.683 [D] [init.go:37]  key[0] valud[key:"/ganyuefeng/backend/secskill/product" create_revision:34 mod_revision:38 version:5 value:"[{\"ProductId\":1029,\"StartTime\":1505008800,\"EndTime\":1505012400,\"Status\":0,\"Total\":1000,\"Left\":1000,\"OnePersonBuyLimit\":0,\"BuyRate\":0,\"SoldMaxLimit\":0},{\"ProductId\":1027,\"StartTime\":1505008800,\"EndTime\":1505012400,\"Status\":0,\"Total\":2000,\"Left\":1000,\"OnePersonBuyLimit\":0,\"BuyRate\":0,\"SoldMaxLimit\":0},{\"ProductId\":1,\"StartTime\":1608186520,\"EndTime\":1608199320,\"Status\":0,\"Total\":100,\"Left\":0,\"OnePersonBuyLimit\":3,\"BuyRate\":10,\"SoldMaxLimit\":50},{\"ProductId\":2,\"StartTime\":1608266320,\"EndTime\":1608599320,\"Status\":0,\"Total\":100,\"Left\":0,\"OnePersonBuyLimit\":3,\"BuyRate\":3,\"SoldMaxLimit\":3},{\"ProductId\":3,\"StartTime\":1608169920,\"EndTime\":1609169800,\"Status\":0,\"Total\":100,\"Left\":0,\"OnePersonBuyLimit\":3,\"BuyRate\":3,\"SoldMaxLimit\":3},{\"ProductId\":4,\"StartTime\":1608170700,\"EndTime\":1609170700,\"Status\":0,\"Total\":100,\"Left\":0,\"OnePersonBuyLimit\":3,\"BuyRate\":10,\"SoldMaxLimit\":3}]" ]
2020/12/17 14:27:32.683 [D] [init.go:37]  sec info conf is [[{1029 1505008800 1505012400 0 1000 1000 0 0 0 <nil>} {1027 1505008800 1505012400 0 2000 1000 0 0 0 <nil>} {1 1608186520 1608199320 0 100 0 3 10 50 <nil>} {2 1608266320 1608599320 0 100 0 3 3 3 <nil>} {3 1608169920 1609169800 0 100 0 3 3 3 <nil>} {4 1608170700 1609170700 0 100 0 3 10 3 <nil>}]]
2020/12/17 14:27:32.683 [D] [init.go:37]  update product info succ, data:[{1029 1505008800 1505012400 0 1000 1000 0 0 0 <nil>} {1027 1505008800 1505012400 0 2000 1000 0 0 0 <nil>} {1 1608186520 1608199320 0 100 0 3 10 50 <nil>} {2 1608266320 1608599320 0 100 0 3 3 3 <nil>} {3 1608169920 1609169800 0 100 0 3 3 3 <nil>} {4 1608170700 1609170700 0 100 0 3 10 3 <nil>}]
2020/12/17 14:27:32.683 [D] [init.go:37]  init etcd watcher succ
2020/12/17 14:27:32.684 [D] [asm_amd64.s:1357]  begin watch key:/ganyuefeng/backend/secskill/product
2020/12/17 14:27:32.735 [D] [proc.go:203]  InitSecLayer success
2020/12/17 14:27:32.735 [D] [main.go:32]  start run
2020/12/17 14:27:32.735 [I] [service.go:7]  ReadGoroutineNum is  1
2020/12/17 14:27:32.735 [D] [service.go:7]  all process goroutine started
2020/12/17 14:27:32.736 [D] [asm_amd64.s:1357]  handle user running
2020/12/17 14:27:32.736 [D] [asm_amd64.s:1357]  read goroutine running
2020/12/17 14:27:32.737 [D] [asm_amd64.s:1357]  handle write running
2020/12/17 14:28:03.492 [D] [asm_amd64.s:1357]  pop from queue, data:{"ProductId":3,"Source":"","AuthCode":"","SecTime":"","Nance":"","UserId":1,"UserAuthSign":"","AccessTime":"2020-12-17T14:28:03.480019652+08:00","ClientAddr":"192.168.199.237","ClientRefence":""}
2020/12/17 14:28:03.492 [D] [asm_amd64.s:1357]  begin process request:&{3     1  2020-12-17 14:28:03.480019652 +0800 CST 192.168.199.237 }
2020/12/17 14:29:32.124 [D] [main.go:18]  init config success
2020/12/17 14:29:32.124 [D] [proc.go:203]  initLogger success
2020/12/17 14:29:32.136 [D] [init.go:31]  init etcd succ
2020/12/17 14:29:32.136 [D] [main.go:25]  init etcd succ
2020/12/17 14:29:32.136 [D] [init.go:37]  start get from etcd succ
2020/12/17 14:29:32.151 [D] [init.go:37]  get from etcd succ, resp:&{cluster_id:14841639068965178418 member_id:10276657743932975437 revision:38 raft_term:7  [key:"/ganyuefeng/backend/secskill/product" create_revision:34 mod_revision:38 version:5 value:"[{\"ProductId\":1029,\"StartTime\":1505008800,\"EndTime\":1505012400,\"Status\":0,\"Total\":1000,\"Left\":1000,\"OnePersonBuyLimit\":0,\"BuyRate\":0,\"SoldMaxLimit\":0},{\"ProductId\":1027,\"StartTime\":1505008800,\"EndTime\":1505012400,\"Status\":0,\"Total\":2000,\"Left\":1000,\"OnePersonBuyLimit\":0,\"BuyRate\":0,\"SoldMaxLimit\":0},{\"ProductId\":1,\"StartTime\":1608186520,\"EndTime\":1608199320,\"Status\":0,\"Total\":100,\"Left\":0,\"OnePersonBuyLimit\":3,\"BuyRate\":10,\"SoldMaxLimit\":50},{\"ProductId\":2,\"StartTime\":1608266320,\"EndTime\":1608599320,\"Status\":0,\"Total\":100,\"Left\":0,\"OnePersonBuyLimit\":3,\"BuyRate\":3,\"SoldMaxLimit\":3},{\"ProductId\":3,\"StartTime\":1608169920,\"EndTime\":1609169800,\"Status\":0,\"Total\":100,\"Left\":0,\"OnePersonBuyLimit\":3,\"BuyRate\":3,\"SoldMaxLimit\":3},{\"ProductId\":4,\"StartTime\":1608170700,\"EndTime\":1609170700,\"Status\":0,\"Total\":100,\"Left\":0,\"OnePersonBuyLimit\":3,\"BuyRate\":10,\"SoldMaxLimit\":3}]" ] false 1 {} [] 0}
2020/12/17 14:29:32.152 [D] [init.go:37]  key[0] valud[key:"/ganyuefeng/backend/secskill/product" create_revision:34 mod_revision:38 version:5 value:"[{\"ProductId\":1029,\"StartTime\":1505008800,\"EndTime\":1505012400,\"Status\":0,\"Total\":1000,\"Left\":1000,\"OnePersonBuyLimit\":0,\"BuyRate\":0,\"SoldMaxLimit\":0},{\"ProductId\":1027,\"StartTime\":1505008800,\"EndTime\":1505012400,\"Status\":0,\"Total\":2000,\"Left\":1000,\"OnePersonBuyLimit\":0,\"BuyRate\":0,\"SoldMaxLimit\":0},{\"ProductId\":1,\"StartTime\":1608186520,\"EndTime\":1608199320,\"Status\":0,\"Total\":100,\"Left\":0,\"OnePersonBuyLimit\":3,\"BuyRate\":10,\"SoldMaxLimit\":50},{\"ProductId\":2,\"StartTime\":1608266320,\"EndTime\":1608599320,\"Status\":0,\"Total\":100,\"Left\":0,\"OnePersonBuyLimit\":3,\"BuyRate\":3,\"SoldMaxLimit\":3},{\"ProductId\":3,\"StartTime\":1608169920,\"EndTime\":1609169800,\"Status\":0,\"Total\":100,\"Left\":0,\"OnePersonBuyLimit\":3,\"BuyRate\":3,\"SoldMaxLimit\":3},{\"ProductId\":4,\"StartTime\":1608170700,\"EndTime\":1609170700,\"Status\":0,\"Total\":100,\"Left\":0,\"OnePersonBuyLimit\":3,\"BuyRate\":10,\"SoldMaxLimit\":3}]" ]
2020/12/17 14:29:32.152 [D] [init.go:37]  sec info conf is [[{1029 1505008800 1505012400 0 1000 1000 0 0 0 <nil>} {1027 1505008800 1505012400 0 2000 1000 0 0 0 <nil>} {1 1608186520 1608199320 0 100 0 3 10 50 <nil>} {2 1608266320 1608599320 0 100 0 3 3 3 <nil>} {3 1608169920 1609169800 0 100 0 3 3 3 <nil>} {4 1608170700 1609170700 0 100 0 3 10 3 <nil>}]]
2020/12/17 14:29:32.152 [D] [init.go:37]  update product info succ, data:[{1029 1505008800 1505012400 0 1000 1000 0 0 0 <nil>} {1027 1505008800 1505012400 0 2000 1000 0 0 0 <nil>} {1 1608186520 1608199320 0 100 0 3 10 50 <nil>} {2 1608266320 1608599320 0 100 0 3 3 3 <nil>} {3 1608169920 1609169800 0 100 0 3 3 3 <nil>} {4 1608170700 1609170700 0 100 0 3 10 3 <nil>}]
2020/12/17 14:29:32.152 [D] [init.go:37]  init etcd watcher succ
2020/12/17 14:29:32.153 [D] [asm_amd64.s:1357]  begin watch key:/ganyuefeng/backend/secskill/product
2020/12/17 14:29:32.283 [D] [proc.go:203]  InitSecLayer success
2020/12/17 14:29:32.283 [D] [main.go:32]  start run
2020/12/17 14:29:32.283 [I] [service.go:7]  ReadGoroutineNum is  1
2020/12/17 14:29:32.283 [D] [service.go:7]  all process goroutine started
2020/12/17 14:29:32.283 [D] [asm_amd64.s:1357]  handle user running
2020/12/17 14:29:32.284 [D] [asm_amd64.s:1357]  read goroutine running
2020/12/17 14:29:32.285 [D] [asm_amd64.s:1357]  handle write running
2020/12/17 14:30:22.239 [D] [main.go:18]  initLogger success222
2020/12/17 14:30:22.239 [D] [proc.go:203]  initLogger success
2020/12/17 14:30:22.261 [D] [init.go:31]  init etcd succ
2020/12/17 14:30:22.261 [D] [main.go:25]  init etcd succ
2020/12/17 14:30:22.261 [D] [init.go:37]  start get from etcd succ
2020/12/17 14:30:22.277 [D] [init.go:37]  get from etcd succ, resp:&{cluster_id:14841639068965178418 member_id:10276657743932975437 revision:38 raft_term:7  [key:"/ganyuefeng/backend/secskill/product" create_revision:34 mod_revision:38 version:5 value:"[{\"ProductId\":1029,\"StartTime\":1505008800,\"EndTime\":1505012400,\"Status\":0,\"Total\":1000,\"Left\":1000,\"OnePersonBuyLimit\":0,\"BuyRate\":0,\"SoldMaxLimit\":0},{\"ProductId\":1027,\"StartTime\":1505008800,\"EndTime\":1505012400,\"Status\":0,\"Total\":2000,\"Left\":1000,\"OnePersonBuyLimit\":0,\"BuyRate\":0,\"SoldMaxLimit\":0},{\"ProductId\":1,\"StartTime\":1608186520,\"EndTime\":1608199320,\"Status\":0,\"Total\":100,\"Left\":0,\"OnePersonBuyLimit\":3,\"BuyRate\":10,\"SoldMaxLimit\":50},{\"ProductId\":2,\"StartTime\":1608266320,\"EndTime\":1608599320,\"Status\":0,\"Total\":100,\"Left\":0,\"OnePersonBuyLimit\":3,\"BuyRate\":3,\"SoldMaxLimit\":3},{\"ProductId\":3,\"StartTime\":1608169920,\"EndTime\":1609169800,\"Status\":0,\"Total\":100,\"Left\":0,\"OnePersonBuyLimit\":3,\"BuyRate\":3,\"SoldMaxLimit\":3},{\"ProductId\":4,\"StartTime\":1608170700,\"EndTime\":1609170700,\"Status\":0,\"Total\":100,\"Left\":0,\"OnePersonBuyLimit\":3,\"BuyRate\":10,\"SoldMaxLimit\":3}]" ] false 1 {} [] 0}
2020/12/17 14:30:22.277 [D] [init.go:37]  key[0] valud[key:"/ganyuefeng/backend/secskill/product" create_revision:34 mod_revision:38 version:5 value:"[{\"ProductId\":1029,\"StartTime\":1505008800,\"EndTime\":1505012400,\"Status\":0,\"Total\":1000,\"Left\":1000,\"OnePersonBuyLimit\":0,\"BuyRate\":0,\"SoldMaxLimit\":0},{\"ProductId\":1027,\"StartTime\":1505008800,\"EndTime\":1505012400,\"Status\":0,\"Total\":2000,\"Left\":1000,\"OnePersonBuyLimit\":0,\"BuyRate\":0,\"SoldMaxLimit\":0},{\"ProductId\":1,\"StartTime\":1608186520,\"EndTime\":1608199320,\"Status\":0,\"Total\":100,\"Left\":0,\"OnePersonBuyLimit\":3,\"BuyRate\":10,\"SoldMaxLimit\":50},{\"ProductId\":2,\"StartTime\":1608266320,\"EndTime\":1608599320,\"Status\":0,\"Total\":100,\"Left\":0,\"OnePersonBuyLimit\":3,\"BuyRate\":3,\"SoldMaxLimit\":3},{\"ProductId\":3,\"StartTime\":1608169920,\"EndTime\":1609169800,\"Status\":0,\"Total\":100,\"Left\":0,\"OnePersonBuyLimit\":3,\"BuyRate\":3,\"SoldMaxLimit\":3},{\"ProductId\":4,\"StartTime\":1608170700,\"EndTime\":1609170700,\"Status\":0,\"Total\":100,\"Left\":0,\"OnePersonBuyLimit\":3,\"BuyRate\":10,\"SoldMaxLimit\":3}]" ]
2020/12/17 14:30:22.277 [D] [init.go:37]  sec info conf is [[{1029 1505008800 1505012400 0 1000 1000 0 0 0 <nil>} {1027 1505008800 1505012400 0 2000 1000 0 0 0 <nil>} {1 1608186520 1608199320 0 100 0 3 10 50 <nil>} {2 1608266320 1608599320 0 100 0 3 3 3 <nil>} {3 1608169920 1609169800 0 100 0 3 3 3 <nil>} {4 1608170700 1609170700 0 100 0 3 10 3 <nil>}]]
2020/12/17 14:30:22.278 [D] [init.go:37]  update product info succ, data:[{1029 1505008800 1505012400 0 1000 1000 0 0 0 <nil>} {1027 1505008800 1505012400 0 2000 1000 0 0 0 <nil>} {1 1608186520 1608199320 0 100 0 3 10 50 <nil>} {2 1608266320 1608599320 0 100 0 3 3 3 <nil>} {3 1608169920 1609169800 0 100 0 3 3 3 <nil>} {4 1608170700 1609170700 0 100 0 3 10 3 <nil>}]
2020/12/17 14:30:22.278 [D] [init.go:37]  init etcd watcher succ
2020/12/17 14:30:22.278 [D] [asm_amd64.s:1357]  begin watch key:/ganyuefeng/backend/secskill/product
2020/12/17 14:30:22.353 [D] [proc.go:203]  InitSecLayer success
2020/12/17 14:30:22.353 [D] [main.go:32]  start run
2020/12/17 14:30:22.353 [I] [service.go:7]  ReadGoroutineNum is  1
2020/12/17 14:30:22.353 [D] [service.go:7]  all process goroutine started
2020/12/17 14:30:22.353 [D] [asm_amd64.s:1357]  handle user running
2020/12/17 14:30:22.353 [D] [asm_amd64.s:1357]  read goroutine running
2020/12/17 14:30:22.353 [D] [asm_amd64.s:1357]  handle write running
